<?xml version="1.0" encoding="UTF-8"?>
<!-- Generated by org.testng.reporters.JUnitXMLReporter -->
<testsuite hostname="DESKTOP-U63N6IR" ignored="3" tests="0" failures="0" timestamp="2021-08-01T21:42:11 IST" time="17.658" errors="0">
  <testcase name="drpdwn" time="0.0" classname="testcase.NewTest">
    <ignored/>
  </testcase> <!-- drpdwn -->
  <testcase name="dragdrp" time="0.0" classname="testcase.NewTest">
    <ignored/>
  </testcase> <!-- dragdrp -->
  <testcase name="verifyHomepageTitle" time="0.0" classname="testcase.NewTest">
    <ignored/>
  </testcase> <!-- verifyHomepageTitle -->
</testsuite>
