<?xml version="1.0" encoding="UTF-8"?>
<!-- Generated by org.testng.reporters.JUnitXMLReporter -->
<testsuite hostname="DESKTOP-U63N6IR" ignored="2" name="Functional Testing" tests="1" failures="0" timestamp="2021-07-25T13:19:31 IST" time="36.683" errors="0">
  <testcase name="verifyHomepageTitle" time="18.122" classname="testcase.NewTest"/>
  <testcase name="drpdwn" time="0.0" classname="testcase.NewTest">
    <ignored/>
  </testcase> <!-- drpdwn -->
  <testcase name="dragdrp" time="0.0" classname="testcase.NewTest">
    <ignored/>
  </testcase> <!-- dragdrp -->
</testsuite> <!-- Functional Testing -->
