<?xml version="1.0" encoding="UTF-8"?>
<!-- Generated by org.testng.reporters.JUnitXMLReporter -->
<testsuite hostname="DESKTOP-U63N6IR" ignored="3" tests="0" failures="0" timestamp="2021-08-01T21:12:42 IST" time="0.056" errors="0">
  <testcase name="@BeforeTest launchBrowser" time="0.011" classname="testcase.NewTest">
    <failure type="java.lang.NullPointerException">
      <![CDATA[java.lang.NullPointerException
at testcase.NewTest.launchBrowser(NewTest.java:22)
... Removed 24 stack frames]]>
    </failure>
  </testcase> <!-- @BeforeTest launchBrowser -->
  <testcase name="@AfterTest terminateBrowser" time="-1.62783256262E9" classname="testcase.NewTest">
    <skipped/>
  </testcase> <!-- @AfterTest terminateBrowser -->
  <testcase name="drpdwn" time="0.0" classname="testcase.NewTest">
    <ignored/>
  </testcase> <!-- drpdwn -->
  <testcase name="dragdrp" time="0.0" classname="testcase.NewTest">
    <ignored/>
  </testcase> <!-- dragdrp -->
  <testcase name="verifyHomepageTitle" time="0.0" classname="testcase.NewTest">
    <ignored/>
  </testcase> <!-- verifyHomepageTitle -->
</testsuite>
