<?xml version="1.0" encoding="UTF-8"?>
<testsuite xmlns:xsi="http://www.w3.org/2001/XMLSchema-instance" xsi:schemaLocation="https://maven.apache.org/surefire/maven-surefire-plugin/xsd/surefire-test-report.xsd" name="testcase.NewTest" time="21.783" tests="1" errors="0" skipped="0" failures="1">
  <properties>
[...]
</properties>
  <testcase name="verifyHomepageTitle" classname="testcase.NewTest" time="2.703">
    <failure message="element click intercepted: Element &lt;a href=&quot;https://www.globalsqa.com/demo-site/frames-and-windows/&quot; class=&quot;button tiny_button button_pale regular_text&quot;&gt;...&lt;/a&gt; is not clickable at point (644, 625). Other element would receive the click: &lt;iframe id=&quot;aswift_1&quot; name=&quot;&quot; sandbox=&quot;allow-forms allow-popups allow-popups-to-escape-sandbox allow-same-origin allow-scripts allow-top-navigation-by-user-activation&quot; width=&quot;1005&quot; height=&quot;124&quot; frameborder=&quot;0&quot; src=&quot;https://googleads.g.doubleclick.net/pagead/html/r20210720/r20190131/zrt_lookup.html?fsb=1#RS-0-&amp;amp;adk=1812271801&amp;amp;client=ca-pub-2878895907861435&amp;amp;fa=1&amp;amp;ifi=2&amp;amp;uci=a!2&amp;amp;btvi=1&quot; marginwidth=&quot;0&quot; marginheight=&quot;0&quot; vspace=&quot;0&quot; hspace=&quot;0&quot; allowtransparency=&quot;true&quot; scrolling=&quot;no&quot; allowfullscreen=&quot;true&quot; allow=&quot;conversion-measurement&quot; style=&quot;display: block; margin: 0px auto;&quot; data-google-container-id=&quot;a!2&quot; data-google-query-id=&quot;CIqK2vrg_fECFRGmaAodT4IAYw&quot; data-load-complete=&quot;true&quot;&gt;&lt;/iframe&gt;&#10;  (Session info: chrome=91.0.4472.164)&#10;Build info: version: &apos;3.12.0&apos;, revision: &apos;7c6e0b3&apos;, time: &apos;2018-05-08T14:04:26.12Z&apos;&#10;System info: host: &apos;DESKTOP-U63N6IR&apos;, ip: &apos;192.168.1.7&apos;, os.name: &apos;Windows 10&apos;, os.arch: &apos;amd64&apos;, os.version: &apos;10.0&apos;, java.version: &apos;1.8.0_301&apos;&#10;Driver info: org.openqa.selenium.chrome.ChromeDriver&#10;Capabilities {acceptInsecureCerts: false, browserName: chrome, browserVersion: 91.0.4472.164, chrome: {chromedriverVersion: 91.0.4472.101 (af52a90bf870..., userDataDir: C:\Users\user\AppData\Local...}, goog:chromeOptions: {debuggerAddress: localhost:56861}, javascriptEnabled: true, networkConnectionEnabled: false, pageLoadStrategy: normal, platform: WINDOWS, platformName: WINDOWS, proxy: Proxy(), setWindowRect: true, strictFileInteractability: false, timeouts: {implicit: 0, pageLoad: 300000, script: 30000}, unhandledPromptBehavior: dismiss and notify, webauthn:extension:largeBlob: true, webauthn:virtualAuthenticators: true}&#10;Session ID: 18fb55d5130c6a23ed08f6721a7ce77b" type="org.openqa.selenium.ElementClickInterceptedException"><![CDATA[org.openqa.selenium.ElementClickInterceptedException: 
element click intercepted: Element <a href="https://www.globalsqa.com/demo-site/frames-and-windows/" class="button tiny_button button_pale regular_text">...</a> is not clickable at point (644, 625). Other element would receive the click: <iframe id="aswift_1" name="" sandbox="allow-forms allow-popups allow-popups-to-escape-sandbox allow-same-origin allow-scripts allow-top-navigation-by-user-activation" width="1005" height="124" frameborder="0" src="https://googleads.g.doubleclick.net/pagead/html/r20210720/r20190131/zrt_lookup.html?fsb=1#RS-0-&amp;adk=1812271801&amp;client=ca-pub-2878895907861435&amp;fa=1&amp;ifi=2&amp;uci=a!2&amp;btvi=1" marginwidth="0" marginheight="0" vspace="0" hspace="0" allowtransparency="true" scrolling="no" allowfullscreen="true" allow="conversion-measurement" style="display: block; margin: 0px auto;" data-google-container-id="a!2" data-google-query-id="CIqK2vrg_fECFRGmaAodT4IAYw" data-load-complete="true"></iframe>
  (Session info: chrome=91.0.4472.164)
Build info: version: '3.12.0', revision: '7c6e0b3', time: '2018-05-08T14:04:26.12Z'
System info: host: 'DESKTOP-U63N6IR', ip: '192.168.1.7', os.name: 'Windows 10', os.arch: 'amd64', os.version: '10.0', java.version: '1.8.0_301'
Driver info: org.openqa.selenium.chrome.ChromeDriver
Capabilities {acceptInsecureCerts: false, browserName: chrome, browserVersion: 91.0.4472.164, chrome: {chromedriverVersion: 91.0.4472.101 (af52a90bf870..., userDataDir: C:\Users\user\AppData\Local...}, goog:chromeOptions: {debuggerAddress: localhost:56861}, javascriptEnabled: true, networkConnectionEnabled: false, pageLoadStrategy: normal, platform: WINDOWS, platformName: WINDOWS, proxy: Proxy(), setWindowRect: true, strictFileInteractability: false, timeouts: {implicit: 0, pageLoad: 300000, script: 30000}, unhandledPromptBehavior: dismiss and notify, webauthn:extension:largeBlob: true, webauthn:virtualAuthenticators: true}
Session ID: 18fb55d5130c6a23ed08f6721a7ce77b
	at testcase.NewTest.verifyHomepageTitle(NewTest.java:25)
]]></failure>
    <system-out><![CDATA[launching browser
]]></system-out>
    <system-err><![CDATA[Starting ChromeDriver 91.0.4472.101 (af52a90bf87030dd1523486a1cd3ae25c5d76c9b-refs/branch-heads/4472@{#1462}) on port 38774
Only local connections are allowed.
Please see https://chromedriver.chromium.org/security-considerations for suggestions on keeping ChromeDriver safe.
ChromeDriver was started successfully.
Jul 25, 2021 1:32:30 PM org.openqa.selenium.remote.ProtocolHandshake createSession
INFO: Detected dialect: W3C
]]></system-err>
  </testcase>
</testsuite>