<?xml version="1.0" encoding="UTF-8"?>
<testng-results skipped="0" failed="0" total="0" passed="0">
  <reporter-output>
  </reporter-output>
  <suite name="Surefire suite" duration-ms="61258" started-at="2021-08-01T16:16:00Z" finished-at="2021-08-01T16:17:02Z">
    <groups>
    </groups>
    <test name="Surefire test" duration-ms="61258" started-at="2021-08-01T16:16:00Z" finished-at="2021-08-01T16:17:02Z">
      <class name="testcase.NewTest">
        <test-method status="PASS" signature="launchBrowser()[pri:0, instance:testcase.NewTest@60f82f98]" name="launchBrowser" is-config="true" duration-ms="61092" started-at="2021-08-01T21:46:00Z" finished-at="2021-08-01T21:47:01Z">
          <reporter-output>
          </reporter-output>
        </test-method> <!-- launchBrowser -->
        <test-method status="PASS" signature="terminateBrowser()[pri:0, instance:testcase.NewTest@60f82f98]" name="terminateBrowser" is-config="true" duration-ms="0" started-at="2021-08-01T21:47:02Z" finished-at="2021-08-01T21:47:02Z">
          <reporter-output>
          </reporter-output>
        </test-method> <!-- terminateBrowser -->
      </class> <!-- testcase.NewTest -->
    </test> <!-- Surefire test -->
  </suite> <!-- Surefire suite -->
</testng-results>
