<?xml version="1.0" encoding="UTF-8"?>
<testng-results skipped="0" failed="0" ignored="3" total="3" passed="0">
  <reporter-output>
  </reporter-output>
  <suite name="Default suite" duration-ms="17658" started-at="2021-08-01T21:41:53 IST" finished-at="2021-08-01T21:42:11 IST">
    <groups>
    </groups>
    <test name="Default test" duration-ms="17658" started-at="2021-08-01T21:41:53 IST" finished-at="2021-08-01T21:42:11 IST">
      <class name="testcase.NewTest">
        <test-method status="PASS" signature="launchBrowser()[pri:0, instance:testcase.NewTest@1786dec2]" name="launchBrowser" is-config="true" duration-ms="17630" started-at="2021-08-01T21:41:53 IST" finished-at="2021-08-01T21:42:11 IST">
          <reporter-output>
          </reporter-output>
        </test-method> <!-- launchBrowser -->
        <test-method status="PASS" signature="terminateBrowser()[pri:0, instance:testcase.NewTest@1786dec2]" name="terminateBrowser" is-config="true" duration-ms="0" started-at="2021-08-01T21:42:11 IST" finished-at="2021-08-01T21:42:11 IST">
          <reporter-output>
          </reporter-output>
        </test-method> <!-- terminateBrowser -->
      </class> <!-- testcase.NewTest -->
    </test> <!-- Default test -->
  </suite> <!-- Default suite -->
</testng-results>
