<?xml version="1.0" encoding="UTF-8"?>
<testng-results skipped="0" failed="0" ignored="2" total="3" passed="1">
  <reporter-output>
  </reporter-output>
  <suite name="Test Automation Test Suite" duration-ms="36683" started-at="2021-07-25T13:18:54 IST" finished-at="2021-07-25T13:19:31 IST">
    <groups>
    </groups>
    <test name="Functional Testing" duration-ms="36683" started-at="2021-07-25T13:18:54 IST" finished-at="2021-07-25T13:19:31 IST">
      <class name="testcase.NewTest">
        <test-method status="PASS" signature="launchBrowser()[pri:0, instance:testcase.NewTest@32eff876]" name="launchBrowser" is-config="true" duration-ms="14129" started-at="2021-07-25T13:18:54 IST" finished-at="2021-07-25T13:19:08 IST">
          <reporter-output>
          </reporter-output>
        </test-method> <!-- launchBrowser -->
        <test-method status="PASS" signature="verifyHomepageTitle()[pri:1, instance:testcase.NewTest@32eff876]" name="verifyHomepageTitle" duration-ms="18122" started-at="2021-07-25T13:19:08 IST" finished-at="2021-07-25T13:19:26 IST">
          <reporter-output>
          </reporter-output>
        </test-method> <!-- verifyHomepageTitle -->
        <test-method status="PASS" signature="terminateBrowser()[pri:0, instance:testcase.NewTest@32eff876]" name="terminateBrowser" is-config="true" duration-ms="4333" started-at="2021-07-25T13:19:26 IST" finished-at="2021-07-25T13:19:31 IST">
          <reporter-output>
          </reporter-output>
        </test-method> <!-- terminateBrowser -->
      </class> <!-- testcase.NewTest -->
    </test> <!-- Functional Testing -->
  </suite> <!-- Test Automation Test Suite -->
</testng-results>
